<?xml version="1.0" encoding="UTF-8"?>
<testng-results ignored="0" total="1" passed="1" failed="0" skipped="0">
  <reporter-output>
  </reporter-output>
  <suite started-at="2022-12-08T14:24:57 IST" name="Default suite" finished-at="2022-12-08T14:25:28 IST" duration-ms="30600">
    <groups>
    </groups>
    <test started-at="2022-12-08T14:24:57 IST" name="Default test" finished-at="2022-12-08T14:25:28 IST" duration-ms="30600">
      <class name="_16basicTestScriptTest._01ToVerifyHomePageTest">
        <test-method is-config="true" signature="bsConfig()[pri:0, instance:_16basicTestScriptTest._01ToVerifyHomePageTest@2c35e847]" started-at="2022-12-08T14:24:57 IST" name="bsConfig" finished-at="2022-12-08T14:24:57 IST" duration-ms="11" status="PASS">
          <reporter-output>
          </reporter-output>
        </test-method> <!-- bsConfig -->
        <test-method is-config="true" signature="bcConfig()[pri:0, instance:_16basicTestScriptTest._01ToVerifyHomePageTest@2c35e847]" started-at="2022-12-08T14:24:57 IST" name="bcConfig" finished-at="2022-12-08T14:25:08 IST" duration-ms="10794" status="PASS">
          <reporter-output>
          </reporter-output>
        </test-method> <!-- bcConfig -->
        <test-method is-config="true" signature="bmConfig()[pri:0, instance:_16basicTestScriptTest._01ToVerifyHomePageTest@2c35e847]" started-at="2022-12-08T14:25:08 IST" name="bmConfig" finished-at="2022-12-08T14:25:08 IST" duration-ms="441" status="PASS">
          <reporter-output>
          </reporter-output>
        </test-method> <!-- bmConfig -->
        <test-method signature="mainTest()[pri:0, instance:_16basicTestScriptTest._01ToVerifyHomePageTest@2c35e847]" started-at="2022-12-08T14:25:08 IST" name="mainTest" finished-at="2022-12-08T14:25:13 IST" duration-ms="5126" status="PASS">
          <reporter-output>
          </reporter-output>
        </test-method> <!-- mainTest -->
        <test-method is-config="true" signature="amConfig()[pri:0, instance:_16basicTestScriptTest._01ToVerifyHomePageTest@2c35e847]" started-at="2022-12-08T14:25:13 IST" name="amConfig" finished-at="2022-12-08T14:25:15 IST" duration-ms="1701" status="PASS">
          <reporter-output>
          </reporter-output>
        </test-method> <!-- amConfig -->
        <test-method is-config="true" signature="acConfig()[pri:0, instance:_16basicTestScriptTest._01ToVerifyHomePageTest@2c35e847]" started-at="2022-12-08T14:25:15 IST" name="acConfig" finished-at="2022-12-08T14:25:28 IST" duration-ms="12485" status="PASS">
          <reporter-output>
          </reporter-output>
        </test-method> <!-- acConfig -->
        <test-method is-config="true" signature="asConfig()[pri:0, instance:_16basicTestScriptTest._01ToVerifyHomePageTest@2c35e847]" started-at="2022-12-08T14:25:28 IST" name="asConfig" finished-at="2022-12-08T14:25:28 IST" duration-ms="1" status="PASS">
          <reporter-output>
          </reporter-output>
        </test-method> <!-- asConfig -->
      </class> <!-- _16basicTestScriptTest._01ToVerifyHomePageTest -->
    </test> <!-- Default test -->
  </suite> <!-- Default suite -->
</testng-results>
